<?xml version="1.0" encoding="UTF-8"?>
<!-- Generated by org.testng.reporters.JUnitXMLReporter -->
<testsuite ignored="0" hostname="WKWIN8926693" failures="0" tests="3" name="Default test" time="11.347" errors="0" timestamp="2022-07-15T12:05:58 IST">
  <testcase classname="Tests.AutomationTests" name="TestCase1" time="0.577"/>
  <testcase classname="Tests.AutomationTests" name="TestCase2" time="2.92"/>
  <testcase classname="Tests.AutomationTests" name="TestCase3" time="0.136"/>
</testsuite> <!-- Default test -->
