<?xml version="1.0" encoding="UTF-8"?>
<testng-results ignored="0" total="3" passed="3" failed="0" skipped="0">
  <reporter-output>
  </reporter-output>
  <suite started-at="2022-07-15T12:05:47 IST" name="Default suite" finished-at="2022-07-15T12:05:58 IST" duration-ms="11347">
    <groups>
    </groups>
    <test started-at="2022-07-15T12:05:47 IST" name="Default test" finished-at="2022-07-15T12:05:58 IST" duration-ms="11347">
      <class name="Tests.AutomationTests">
        <test-method is-config="true" signature="testCases()[pri:0, instance:Tests.AutomationTests@2e6a8155]" started-at="2022-07-15T12:05:47 IST" name="testCases" finished-at="2022-07-15T12:05:54 IST" duration-ms="6981" status="PASS">
          <reporter-output>
          </reporter-output>
        </test-method> <!-- testCases -->
        <test-method signature="TestCase1()[pri:0, instance:Tests.AutomationTests@2e6a8155]" started-at="2022-07-15T12:05:54 IST" name="TestCase1" finished-at="2022-07-15T12:05:55 IST" duration-ms="577" status="PASS">
          <reporter-output>
          </reporter-output>
        </test-method> <!-- TestCase1 -->
        <test-method signature="TestCase2()[pri:0, instance:Tests.AutomationTests@2e6a8155]" started-at="2022-07-15T12:05:55 IST" name="TestCase2" finished-at="2022-07-15T12:05:57 IST" duration-ms="2920" status="PASS">
          <reporter-output>
          </reporter-output>
        </test-method> <!-- TestCase2 -->
        <test-method signature="TestCase3()[pri:0, instance:Tests.AutomationTests@2e6a8155]" started-at="2022-07-15T12:05:57 IST" name="TestCase3" finished-at="2022-07-15T12:05:58 IST" duration-ms="136" status="PASS">
          <reporter-output>
          </reporter-output>
        </test-method> <!-- TestCase3 -->
        <test-method is-config="true" signature="TearDown()[pri:0, instance:Tests.AutomationTests@2e6a8155]" started-at="2022-07-15T12:05:58 IST" name="TearDown" finished-at="2022-07-15T12:05:58 IST" duration-ms="692" status="PASS">
          <reporter-output>
          </reporter-output>
        </test-method> <!-- TearDown -->
      </class> <!-- Tests.AutomationTests -->
    </test> <!-- Default test -->
  </suite> <!-- Default suite -->
</testng-results>
